  character.cpp
  enemyMelee.cpp
  entity.cpp
  ente.cpp
  obstacle.cpp
  animatedObstacle.cpp
  player.cpp
  baseProjectile.cpp
  game.cpp
  button.cpp
  interface.cpp
  pauseInterface.cpp
  colision_manager.cpp
  event_manager.cpp
  graphic_manager.cpp
  Proj_Game.cpp
  stage.cpp
  stdafx.cpp
  animated.cpp
  observer.cpp
  Compiling...
  printableBody.cpp
  Generating code
  Previous IPDB not found, fall back to full compilation.
  All 1696 functions were compiled because no usable IPDB/IOBJ from previous compilation was found.
  Finished generating code
  Proj_Game.vcxproj -> C:\Dev\Cplusplus\Game\Proj_Game Release.exe
