  camera.cpp
  character.cpp
  entity.cpp
  ente.cpp
  instance.cpp
  obstacle.cpp
  static_obstacle.cpp
  parallax.cpp
  player.cpp
  game.cpp
  colisionManager.cpp
  graphic_manager.cpp
  Proj_Game.cpp
  stage.cpp
  stdafx.cpp
  animated.cpp
  Generating code
  Previous IPDB not found, fall back to full compilation.
  All 397 functions were compiled because no usable IPDB/IOBJ from previous compilation was found.
  Finished generating code
  Proj_Game.vcxproj -> C:\Dev\Cplusplus\Proj_Game\Proj_Game.exe
